<?xml version="1.0"?>
<component
  name="org.nuxeo.training.training.services.TrainingValidLifecycleService.contrib.test">

  <extension
    target="org.nuxeo.training.training.services.TrainingValidLifecycleService"
    point="validLifecycleStates">

    <validLifecycleStates name="contrib1">
      <validLifecycleState>new</validLifecycleState>
      <validLifecycleState>active</validLifecycleState>
    </validLifecycleStates>

  </extension>

</component>
